[debug] [2019-06-15T04:34:03.798Z] ----------------------------------------------------------------------
[debug] [2019-06-15T04:34:03.803Z] Command:       /usr/bin/node /mnt/c/Users/torit/workspace/Frontend-Training/firebase-training/functions/node_modules/.bin/firebase serve --only functions
[debug] [2019-06-15T04:34:03.803Z] CLI Version:   6.11.0
[debug] [2019-06-15T04:34:03.803Z] Platform:      linux
[debug] [2019-06-15T04:34:03.804Z] Node Version:  v8.10.0
[debug] [2019-06-15T04:34:03.804Z] Time:          Sat Jun 15 2019 13:34:03 GMT+0900 (DST)
[debug] [2019-06-15T04:34:03.804Z] ----------------------------------------------------------------------
[debug] 
[debug] [2019-06-15T04:34:03.840Z] > command requires scopes: ["email","openid","https://www.googleapis.com/auth/cloudplatformprojects.readonly","https://www.googleapis.com/auth/firebase","https://www.googleapis.com/auth/cloud-platform"]
[debug] [2019-06-15T04:34:03.841Z] > authorizing via signed-in user
[debug] [2019-06-15T04:34:03.841Z] [iam] checking project fir-training-86b9a for permissions ["firebase.projects.get"]
[debug] [2019-06-15T04:34:03.845Z] > refreshing access token with scopes: ["email","https://www.googleapis.com/auth/cloud-platform","https://www.googleapis.com/auth/cloudplatformprojects.readonly","https://www.googleapis.com/auth/firebase","openid"]
[debug] [2019-06-15T04:34:03.846Z] >>> HTTP REQUEST POST https://www.googleapis.com/oauth2/v3/token  
 <request body omitted>
[debug] [2019-06-15T04:34:04.254Z] <<< HTTP RESPONSE 200
[debug] [2019-06-15T04:34:04.277Z] >>> HTTP REQUEST POST https://cloudresourcemanager.googleapis.com/v1/projects/fir-training-86b9a:testIamPermissions  

[debug] [2019-06-15T04:34:05.161Z] <<< HTTP RESPONSE 200
[debug] [2019-06-15T04:34:05.169Z] >>> HTTP REQUEST GET https://cloudresourcemanager.googleapis.com/v1/projects/fir-training-86b9a  
 
[debug] [2019-06-15T04:34:05.930Z] <<< HTTP RESPONSE 200
[info] ✔  functions: Using node@8 from host.
[debug] [2019-06-15T04:34:05.979Z] >>> HTTP REQUEST GET https://mobilesdk-pa.googleapis.com/v1/projects/1031854401286:getServerAppConfig  
 
[debug] [2019-06-15T04:34:06.504Z] <<< HTTP RESPONSE 200
[info] ✔  functions: Emulator started at http://localhost:5000
[info] i  functions: Watching "/mnt/c/Users/torit/workspace/Frontend-Training/firebase-training/functions" for Cloud Functions...
[debug] [2019-06-15T04:34:08.133Z] Functions runtime initialized.
[debug] [2019-06-15T04:34:08.133Z] Disabled runtime features: {"functions_config_helper":true,"network_filtering":true,"timeout":true,"memory_limiting":true,"protect_env":true,"admin_stubs":true}
[debug] [2019-06-15T04:34:08.888Z] File /mnt/c/Users/torit/workspace/Frontend-Training/firebase-training/functions/src/index.ts changed, reloading triggers
[debug] [2019-06-15T04:34:11.813Z] Functions runtime initialized.
[debug] [2019-06-15T04:34:11.813Z] Disabled runtime features: {"functions_config_helper":true,"network_filtering":true,"timeout":true,"memory_limiting":true,"protect_env":true,"admin_stubs":true}
[debug] [2019-06-15T04:34:14.924Z] firebase-admin has been stubbed.
[info] i  Your code has been provided a "firebase-admin" instance.
[info] i  functions: HTTP trigger initialized at http://localhost:5000/fir-training-86b9a/us-central1/helloWorld
[info] i  functions: HTTP trigger initialized at http://localhost:5000/fir-training-86b9a/us-central1/requestTest
[debug] [2019-06-15T04:34:18.237Z] firebase-admin has been stubbed.
[info] i  Your code has been provided a "firebase-admin" instance.
[debug] [2019-06-15T04:35:12.299Z] Accepted request GET /fir-training-ae8b1/us-central1/requestTest --> requestTest
[debug] [2019-06-15T04:35:13.954Z] Functions runtime initialized.
[info] i  functions: Beginning execution of "requestTest"
[debug] [2019-06-15T04:35:13.957Z] Disabled runtime features: {"functions_config_helper":true,"network_filtering":true,"timeout":true,"memory_limiting":true,"protect_env":true,"admin_stubs":true}
[debug] [2019-06-15T04:35:19.867Z] firebase-admin has been stubbed.
[info] i  Your code has been provided a "firebase-admin" instance.
[debug] [2019-06-15T04:35:19.923Z] Trigger "requestTest" has been found, beginning invocation!
[debug] [2019-06-15T04:35:19.924Z] 
[debug] [2019-06-15T04:35:19.925Z] Running requestTest in mode HTTPS
[debug] [2019-06-15T04:35:19.947Z] {"socketPath":"/tmp/firebase_emulator_invocation_409.sock"}
[debug] [2019-06-15T04:35:19.953Z] [functions] Runtime ready! Sending request! {"socketPath":"/tmp/firebase_emulator_invocation_409.sock"}
[debug] [2019-06-15T04:35:19.971Z] Ephemeral server used!
[info] >  method GET content-type 
[debug] [2019-06-15T04:35:19.988Z] Ephemeral server survived.
[info] i  functions: Finished "requestTest" in ~1s
[debug] [2019-06-15T04:37:14.604Z] Accepted request POST /fir-training-ae8b1/us-central1/requestTest --> requestTest
[debug] [2019-06-15T04:37:16.252Z] Functions runtime initialized.
[info] i  functions: Beginning execution of "requestTest"
[debug] [2019-06-15T04:37:16.256Z] Disabled runtime features: {"functions_config_helper":true,"network_filtering":true,"timeout":true,"memory_limiting":true,"protect_env":true,"admin_stubs":true}
[debug] [2019-06-15T04:37:21.995Z] firebase-admin has been stubbed.
[info] i  Your code has been provided a "firebase-admin" instance.
[debug] [2019-06-15T04:37:22.042Z] Trigger "requestTest" has been found, beginning invocation!
[debug] [2019-06-15T04:37:22.042Z] 
[debug] [2019-06-15T04:37:22.042Z] Running requestTest in mode HTTPS
[debug] [2019-06-15T04:37:22.060Z] {"socketPath":"/tmp/firebase_emulator_invocation_457.sock"}
[debug] [2019-06-15T04:37:22.062Z] [functions] Runtime ready! Sending request! {"socketPath":"/tmp/firebase_emulator_invocation_457.sock"}
[debug] [2019-06-15T04:37:22.115Z] Ephemeral server used!
[info] >  method POST content-type application/json
[debug] [2019-06-15T04:37:22.127Z] Ephemeral server survived.
[info] i  functions: Finished "requestTest" in ~1s
[debug] [2019-06-15T04:38:39.725Z] File /mnt/c/Users/torit/workspace/Frontend-Training/firebase-training/functions/lib/index.js.map changed, reloading triggers
[debug] [2019-06-15T04:38:39.726Z] File /mnt/c/Users/torit/workspace/Frontend-Training/firebase-training/functions/lib/index.js changed, reloading triggers
[debug] [2019-06-15T04:38:42.457Z] Functions runtime initialized.
[debug] [2019-06-15T04:38:42.458Z] Disabled runtime features: {"functions_config_helper":true,"network_filtering":true,"timeout":true,"memory_limiting":true,"protect_env":true,"admin_stubs":true}
[debug] [2019-06-15T04:38:48.475Z] firebase-admin has been stubbed.
[info] i  Your code has been provided a "firebase-admin" instance.
